#
# A fatal error has been detected by the Java Runtime Environment:
#
#  EXCEPTION_ACCESS_VIOLATION (0xc0000005) at pc=0x617493cd, pid=6516, tid=0x00002064
#
# JRE version: Java(TM) SE Runtime Environment (8.0_92-b14) (build 1.8.0_92-b14)
# Java VM: Java HotSpot(TM) Client VM (25.92-b14 mixed mode windows-x86 )
# Problematic frame:
# C  [listSerialsj.dll+0x93cd]
#
# Failed to write core dump. Minidumps are not enabled by default on client versions of Windows
#
# If you would like to submit a bug report, please visit:
#   http://bugreport.java.com/bugreport/crash.jsp
# The crash happened outside the Java Virtual Machine in native code.
# See problematic frame for where to report the bug.
#

---------------  T H R E A D  ---------------

Current thread (0x268e8400):  JavaThread "cc.arduino.packages.discoverers.serial.SerialBoardsLister" [_thread_in_native, id=8292, stack(0x27050000,0x270a0000)]

siginfo: ExceptionCode=0xc0000005, writing address 0x00000000

Registers:
EAX=0x00000000, EBX=0x00000bc4, ECX=0x00000000, EDX=0x00000001
ESP=0x2709ec20, EBP=0x2709f078, ESI=0x00000002, EDI=0x016ff088
EIP=0x617493cd, EFLAGS=0x00010246

Top of Stack: (sp=0x2709ec20)
0x2709ec20:   015fd8c8 0000002e 00000002 00000000
0x2709ec30:   00000003 00000000 00000000 00000000
0x2709ec40:   268e8400 2709f0b0 0000006c 7687a540
0x2709ec50:   015f9d50 008ead4c 016fea30 000000a4
0x2709ec60:   268e8400 2709f0a4 00000080 00000002
0x2709ec70:   00000001 0000006c 00000021 0000008c
0x2709ec80:   008cf42c 00000000 314d4f43 00090030
0x2709ec90:   00425355 2709f36c 2709f370 2709f374 

Instructions: (pc=0x617493cd)
0x617493ad:   8b 45 08 8b 90 94 00 00 00 85 d2 74 16 8b 40 2c
0x617493bd:   c7 44 24 04 2e 00 00 00 89 04 24 e8 73 14 00 00
0x617493cd:   c6 00 00 8d 85 04 fc ff ff 89 44 24 18 8d 85 0a
0x617493dd:   fc ff ff 89 44 24 10 a1 e4 01 75 61 c7 85 04 fc 


Register to memory mapping:

EAX=0x00000000 is an unknown value
EBX=0x00000bc4 is an unknown value
ECX=0x00000000 is an unknown value
EDX=0x00000001 is an unknown value
ESP=0x2709ec20 is pointing into the stack for thread: 0x268e8400
EBP=0x2709f078 is pointing into the stack for thread: 0x268e8400
ESI=0x00000002 is an unknown value
EDI=0x016ff088 is an unknown value


Stack: [0x27050000,0x270a0000],  sp=0x2709ec20,  free space=315k
Native frames: (J=compiled Java code, j=interpreted, Vv=VM code, C=native code)
C  [listSerialsj.dll+0x93cd]
C  [listSerialsj.dll+0x2211]

Java frames: (J=compiled Java code, j=interpreted, Vv=VM code)
J 2053  processing.app.Platform.listSerialsNative()[Ljava/lang/String; (0 bytes) @ 0x0366668f [0x03666650+0x3f]
J 2055 C1 cc.arduino.packages.discoverers.serial.SerialBoardsLister.retriggerDiscovery(Z)V (736 bytes) @ 0x03667524 [0x036673d0+0x154]
J 2054 C1 cc.arduino.packages.discoverers.serial.SerialBoardsLister.run()V (13 bytes) @ 0x03666d54 [0x03666d10+0x44]
J 2045% C1 java.util.TimerThread.mainLoop()V (232 bytes) @ 0x03663c94 [0x03663860+0x434]
j  java.util.TimerThread.run()V+1
v  ~StubRoutines::call_stub

---------------  P R O C E S S  ---------------

Java Threads: ( => current thread )
  0x280e1c00 JavaThread "EventThread COM10" [_thread_in_native, id=1004, stack(0x26360000,0x263b0000)]
  0x280e8c00 JavaThread "DestroyJavaVM" [_thread_blocked, id=10072, stack(0x03130000,0x03180000)]
  0x26ae3800 JavaThread "AWT-EventQueue-0" [_thread_blocked, id=6736, stack(0x29100000,0x29150000)]
  0x26ae0c00 JavaThread "AWT-Shutdown" [_thread_blocked, id=4088, stack(0x29070000,0x290c0000)]
  0x26ae3400 JavaThread "TimerQueue" daemon [_thread_blocked, id=8632, stack(0x28ee0000,0x28f30000)]
  0x26ae0000 JavaThread "Batik CleanerThread" daemon [_thread_blocked, id=9356, stack(0x28aa0000,0x28af0000)]
  0x2694cc00 JavaThread "cc.arduino.packages.discoverers.network.BoardReachabilityFilter" [_thread_blocked, id=2956, stack(0x27170000,0x271c0000)]
  0x268d3400 JavaThread "cc.arduino.packages.discoverers.network.NetworkChecker" [_thread_in_native, id=816, stack(0x270e0000,0x27130000)]
=>0x268e8400 JavaThread "cc.arduino.packages.discoverers.serial.SerialBoardsLister" [_thread_in_native, id=8292, stack(0x27050000,0x270a0000)]
  0x268ca800 JavaThread "AWT-Windows" daemon [_thread_in_native, id=6252, stack(0x26dd0000,0x26e20000)]
  0x268c7800 JavaThread "Java2D Disposer" daemon [_thread_blocked, id=8596, stack(0x26cb0000,0x26d00000)]
  0x259d1800 JavaThread "Service Thread" daemon [_thread_blocked, id=9528, stack(0x266a0000,0x266f0000)]
  0x259dc000 JavaThread "C1 CompilerThread0" daemon [_thread_blocked, id=7500, stack(0x26610000,0x26660000)]
  0x259da400 JavaThread "Attach Listener" daemon [_thread_blocked, id=7496, stack(0x26580000,0x265d0000)]
  0x259d8800 JavaThread "Signal Dispatcher" daemon [_thread_blocked, id=9536, stack(0x264f0000,0x26540000)]
  0x259ba800 JavaThread "Finalizer" daemon [_thread_blocked, id=5692, stack(0x260f0000,0x26140000)]
  0x259a4800 JavaThread "Reference Handler" daemon [_thread_blocked, id=9732, stack(0x25d20000,0x25d70000)]

Other Threads:
  0x0312e000 VMThread [stack: 0x25950000,0x259a0000] [id=8020]
  0x259d5000 WatcherThread [stack: 0x26730000,0x26780000] [id=8188]

VM state:not at safepoint (normal execution)

VM Mutex/Monitor currently owned by a thread: None

Heap:
 def new generation   total 39424K, used 22869K [0x05400000, 0x07ec0000, 0x0fea0000)
  eden space 35072K,  65% used [0x05400000, 0x06a554c0, 0x07640000)
  from space 4352K,   0% used [0x07a80000, 0x07a801f8, 0x07ec0000)
  to   space 4352K,   0% used [0x07640000, 0x07640000, 0x07a80000)
 tenured generation   total 87424K, used 65656K [0x0fea0000, 0x15400000, 0x25400000)
   the space 87424K,  75% used [0x0fea0000, 0x13ebe1c0, 0x13ebe200, 0x15400000)
 Metaspace       used 18770K, capacity 19183K, committed 19200K, reserved 19840K

Card table byte_map: [0x052f0000,0x05400000] byte_map_base: 0x052c6000

Polling page: 0x02f30000

CodeCache: size=32768Kb used=2724Kb max_used=4108Kb free=30043Kb
 bounds [0x032f0000, 0x036f8000, 0x052f0000]
 total_blobs=1658 nmethods=1380 adapters=207
 compilation: enabled

Compilation events (10 events):
Event: 83535.702 Thread 0x259dc000 3353             javax.swing.text.AbstractDocument$DefaultDocumentEvent::<init> (26 bytes)
Event: 83535.703 Thread 0x259dc000 nmethod 3353 0x036a2548 code [0x036a2650, 0x036a278c]
Event: 83535.770 Thread 0x259dc000 3354             javax.swing.text.AbstractDocument$DefaultDocumentEvent::getDocument (5 bytes)
Event: 83535.770 Thread 0x259dc000 nmethod 3354 0x036a2388 code [0x036a2480, 0x036a2500]
Event: 83539.279 Thread 0x259dc000 3355             java.util.LinkedHashMap$Entry::<init> (10 bytes)
Event: 83539.279 Thread 0x259dc000 nmethod 3355 0x036a5c48 code [0x036a5d40, 0x036a5df0]
Event: 83540.784 Thread 0x259dc000 3356             java.util.PriorityQueue::indexOf (37 bytes)
Event: 83540.785 Thread 0x259dc000 nmethod 3356 0x036a5948 code [0x036a5a50, 0x036a5b5c]
Event: 83547.301 Thread 0x259dc000 3357  s          processing.app.Platform::resolveDeviceByVendorIdProductId (360 bytes)
Event: 83547.307 Thread 0x259dc000 nmethod 3357 0x033e6488 code [0x033e6810, 0x033e7514]

GC Heap History (10 events):
Event: 83734.063 GC heap before
{Heap before GC invocations=77 (full 1):
 def new generation   total 39424K, used 35072K [0x05400000, 0x07ec0000, 0x0fea0000)
  eden space 35072K, 100% used [0x05400000, 0x07640000, 0x07640000)
  from space 4352K,   0% used [0x07640000, 0x076401d0, 0x07a80000)
  to   space 4352K,   0% used [0x07a80000, 0x07a80000, 0x07ec0000)
 tenured generation   total 87424K, used 65656K [0x0fea0000, 0x15400000, 0x25400000)
   the space 87424K,  75% used [0x0fea0000, 0x13ebe1c0, 0x13ebe200, 0x15400000)
 Metaspace       used 18770K, capacity 19183K, committed 19200K, reserved 19840K
Event: 83734.065 GC heap after
Heap after GC invocations=78 (full 1):
 def new generation   total 39424K, used 0K [0x05400000, 0x07ec0000, 0x0fea0000)
  eden space 35072K,   0% used [0x05400000, 0x05400000, 0x07640000)
  from space 4352K,   0% used [0x07a80000, 0x07a801e0, 0x07ec0000)
  to   space 4352K,   0% used [0x07640000, 0x07640000, 0x07a80000)
 tenured generation   total 87424K, used 65656K [0x0fea0000, 0x15400000, 0x25400000)
   the space 87424K,  75% used [0x0fea0000, 0x13ebe1c0, 0x13ebe200, 0x15400000)
 Metaspace       used 18770K, capacity 19183K, committed 19200K, reserved 19840K
}
Event: 83743.534 GC heap before
{Heap before GC invocations=78 (full 1):
 def new generation   total 39424K, used 35072K [0x05400000, 0x07ec0000, 0x0fea0000)
  eden space 35072K, 100% used [0x05400000, 0x07640000, 0x07640000)
  from space 4352K,   0% used [0x07a80000, 0x07a801e0, 0x07ec0000)
  to   space 4352K,   0% used [0x07640000, 0x07640000, 0x07a80000)
 tenured generation   total 87424K, used 65656K [0x0fea0000, 0x15400000, 0x25400000)
   the space 87424K,  75% used [0x0fea0000, 0x13ebe1c0, 0x13ebe200, 0x15400000)
 Metaspace       used 18770K, capacity 19183K, committed 19200K, reserved 19840K
Event: 83743.537 GC heap after
Heap after GC invocations=79 (full 1):
 def new generation   total 39424K, used 0K [0x05400000, 0x07ec0000, 0x0fea0000)
  eden space 35072K,   0% used [0x05400000, 0x05400000, 0x07640000)
  from space 4352K,   0% used [0x07640000, 0x076401c0, 0x07a80000)
  to   space 4352K,   0% used [0x07a80000, 0x07a80000, 0x07ec0000)
 tenured generation   total 87424K, used 65656K [0x0fea0000, 0x15400000, 0x25400000)
   the space 87424K,  75% used [0x0fea0000, 0x13ebe1c0, 0x13ebe200, 0x15400000)
 Metaspace       used 18770K, capacity 19183K, committed 19200K, reserved 19840K
}
Event: 83753.586 GC heap before
{Heap before GC invocations=79 (full 1):
 def new generation   total 39424K, used 35072K [0x05400000, 0x07ec0000, 0x0fea0000)
  eden space 35072K, 100% used [0x05400000, 0x07640000, 0x07640000)
  from space 4352K,   0% used [0x07640000, 0x076401c0, 0x07a80000)
  to   space 4352K,   0% used [0x07a80000, 0x07a80000, 0x07ec0000)
 tenured generation   total 87424K, used 65656K [0x0fea0000, 0x15400000, 0x25400000)
   the space 87424K,  75% used [0x0fea0000, 0x13ebe1c0, 0x13ebe200, 0x15400000)
 Metaspace       used 18770K, capacity 19183K, committed 19200K, reserved 19840K
Event: 83753.589 GC heap after
Heap after GC invocations=80 (full 1):
 def new generation   total 39424K, used 0K [0x05400000, 0x07ec0000, 0x0fea0000)
  eden space 35072K,   0% used [0x05400000, 0x05400000, 0x07640000)
  from space 4352K,   0% used [0x07a80000, 0x07a80280, 0x07ec0000)
  to   space 4352K,   0% used [0x07640000, 0x07640000, 0x07a80000)
 tenured generation   total 87424K, used 65656K [0x0fea0000, 0x15400000, 0x25400000)
   the space 87424K,  75% used [0x0fea0000, 0x13ebe1c0, 0x13ebe200, 0x15400000)
 Metaspace       used 18770K, capacity 19183K, committed 19200K, reserved 19840K
}
Event: 83762.041 GC heap before
{Heap before GC invocations=80 (full 1):
 def new generation   total 39424K, used 35072K [0x05400000, 0x07ec0000, 0x0fea0000)
  eden space 35072K, 100% used [0x05400000, 0x07640000, 0x07640000)
  from space 4352K,   0% used [0x07a80000, 0x07a80280, 0x07ec0000)
  to   space 4352K,   0% used [0x07640000, 0x07640000, 0x07a80000)
 tenured generation   total 87424K, used 65656K [0x0fea0000, 0x15400000, 0x25400000)
   the space 87424K,  75% used [0x0fea0000, 0x13ebe1c0, 0x13ebe200, 0x15400000)
 Metaspace       used 18770K, capacity 19183K, committed 19200K, reserved 19840K
Event: 83762.044 GC heap after
Heap after GC invocations=81 (full 1):
 def new generation   total 39424K, used 0K [0x05400000, 0x07ec0000, 0x0fea0000)
  eden space 35072K,   0% used [0x05400000, 0x05400000, 0x07640000)
  from space 4352K,   0% used [0x07640000, 0x076401d0, 0x07a80000)
  to   space 4352K,   0% used [0x07a80000, 0x07a80000, 0x07ec0000)
 tenured generation   total 87424K, used 65656K [0x0fea0000, 0x15400000, 0x25400000)
   the space 87424K,  75% used [0x0fea0000, 0x13ebe1c0, 0x13ebe200, 0x15400000)
 Metaspace       used 18770K, capacity 19183K, committed 19200K, reserved 19840K
}
Event: 83769.625 GC heap before
{Heap before GC invocations=81 (full 1):
 def new generation   total 39424K, used 35072K [0x05400000, 0x07ec0000, 0x0fea0000)
  eden space 35072K, 100% used [0x05400000, 0x07640000, 0x07640000)
  from space 4352K,   0% used [0x07640000, 0x076401d0, 0x07a80000)
  to   space 4352K,   0% used [0x07a80000, 0x07a80000, 0x07ec0000)
 tenured generation   total 87424K, used 65656K [0x0fea0000, 0x15400000, 0x25400000)
   the space 87424K,  75% used [0x0fea0000, 0x13ebe1c0, 0x13ebe200, 0x15400000)
 Metaspace       used 18770K, capacity 19183K, committed 19200K, reserved 19840K
Event: 83769.628 GC heap after
Heap after GC invocations=82 (full 1):
 def new generation   total 39424K, used 0K [0x05400000, 0x07ec0000, 0x0fea0000)
  eden space 35072K,   0% used [0x05400000, 0x05400000, 0x07640000)
  from space 4352K,   0% used [0x07a80000, 0x07a801f8, 0x07ec0000)
  to   space 4352K,   0% used [0x07640000, 0x07640000, 0x07a80000)
 tenured generation   total 87424K, used 65656K [0x0fea0000, 0x15400000, 0x25400000)
   the space 87424K,  75% used [0x0fea0000, 0x13ebe1c0, 0x13ebe200, 0x15400000)
 Metaspace       used 18770K, capacity 19183K, committed 19200K, reserved 19840K
}

Deoptimization events (0 events):
No events

Internal exceptions (10 events):
Event: 67.546 Thread 0x280e3800 Exception <a 'sun/nio/fs/WindowsException'> (0x0639ece0) thrown at [C:\workspace\8-2-build-windows-i586-cygwin\jdk8u92\6642\hotspot\src\share\vm\prims\jni.cpp, line 709]
Event: 26977.497 Thread 0x268d3400 Exception <a 'java/net/SocketException': error setting options> (0x0691fd58) thrown at [C:\workspace\8-2-build-windows-i586-cygwin\jdk8u92\6642\hotspot\src\share\vm\prims\jni.cpp, line 735]
Event: 26977.498 Thread 0x280e8000 Exception <a 'java/net/SocketException': socket closed> (0x069659d0) thrown at [C:\workspace\8-2-build-windows-i586-cygwin\jdk8u92\6642\hotspot\src\share\vm\prims\jni.cpp, line 735]
Event: 47808.192 Thread 0x280e9000 Exception <a 'java/net/SocketException': socket closed> (0x0573a2b8) thrown at [C:\workspace\8-2-build-windows-i586-cygwin\jdk8u92\6642\hotspot\src\share\vm\prims\jni.cpp, line 735]
Event: 47885.327 Thread 0x280e7400 Exception <a 'java/net/SocketException': socket closed> (0x05f16aa0) thrown at [C:\workspace\8-2-build-windows-i586-cygwin\jdk8u92\6642\hotspot\src\share\vm\prims\jni.cpp, line 735]
Event: 67110.444 Thread 0x268d3400 Exception <a 'java/net/SocketException': error setting options> (0x06715508) thrown at [C:\workspace\8-2-build-windows-i586-cygwin\jdk8u92\6642\hotspot\src\share\vm\prims\jni.cpp, line 735]
Event: 79214.814 Thread 0x268d3400 Exception <a 'java/net/SocketException': error setting options> (0x06695468) thrown at [C:\workspace\8-2-build-windows-i586-cygwin\jdk8u92\6642\hotspot\src\share\vm\prims\jni.cpp, line 735]
Event: 79235.112 Thread 0x268d3400 Exception <a 'java/net/SocketException': error setting options> (0x066c3388) thrown at [C:\workspace\8-2-build-windows-i586-cygwin\jdk8u92\6642\hotspot\src\share\vm\prims\jni.cpp, line 735]
Event: 81780.913 Thread 0x280e1c00 Exception <a 'java/net/SocketException': socket closed> (0x058f4300) thrown at [C:\workspace\8-2-build-windows-i586-cygwin\jdk8u92\6642\hotspot\src\share\vm\prims\jni.cpp, line 735]
Event: 81786.917 Thread 0x280e8400 Exception <a 'java/net/SocketException': socket closed> (0x0598c238) thrown at [C:\workspace\8-2-build-windows-i586-cygwin\jdk8u92\6642\hotspot\src\share\vm\prims\jni.cpp, line 735]

Events (10 events):
Event: 83734.063 Executing VM operation: GenCollectForAllocation
Event: 83734.065 Executing VM operation: GenCollectForAllocation done
Event: 83743.533 Executing VM operation: GenCollectForAllocation
Event: 83743.537 Executing VM operation: GenCollectForAllocation done
Event: 83753.585 Executing VM operation: GenCollectForAllocation
Event: 83753.589 Executing VM operation: GenCollectForAllocation done
Event: 83762.041 Executing VM operation: GenCollectForAllocation
Event: 83762.044 Executing VM operation: GenCollectForAllocation done
Event: 83769.625 Executing VM operation: GenCollectForAllocation
Event: 83769.628 Executing VM operation: GenCollectForAllocation done


Dynamic libraries:
0x00800000 - 0x00833000 	C:\Program Files (x86)\Arduino\java\bin\javaw.exe
0x771a0000 - 0x7731b000 	C:\WINDOWS\SYSTEM32\ntdll.dll
0x76670000 - 0x76750000 	C:\WINDOWS\SYSTEM32\KERNEL32.DLL
0x73fb0000 - 0x7412e000 	C:\WINDOWS\SYSTEM32\KERNELBASE.dll
0x765f0000 - 0x7666b000 	C:\WINDOWS\SYSTEM32\ADVAPI32.dll
0x75580000 - 0x7563e000 	C:\WINDOWS\SYSTEM32\msvcrt.dll
0x73f60000 - 0x73fa4000 	C:\WINDOWS\SYSTEM32\sechost.dll
0x75ff0000 - 0x7609d000 	C:\WINDOWS\SYSTEM32\RPCRT4.dll
0x73ed0000 - 0x73eee000 	C:\WINDOWS\SYSTEM32\SspiCli.dll
0x73ec0000 - 0x73eca000 	C:\WINDOWS\SYSTEM32\CRYPTBASE.dll
0x770e0000 - 0x77138000 	C:\WINDOWS\SYSTEM32\bcryptPrimitives.dll
0x761f0000 - 0x76337000 	C:\WINDOWS\SYSTEM32\USER32.dll
0x76f90000 - 0x770df000 	C:\WINDOWS\SYSTEM32\GDI32.dll
0x70060000 - 0x7026f000 	C:\WINDOWS\WinSxS\x86_microsoft.windows.common-controls_6595b64144ccf1df_6.0.10586.494_none_ea85e725b9ba5a4b\COMCTL32.dll
0x76430000 - 0x765ed000 	C:\WINDOWS\SYSTEM32\combase.dll
0x756d0000 - 0x756fb000 	C:\WINDOWS\SYSTEM32\IMM32.DLL
0x613d0000 - 0x6148f000 	C:\Program Files (x86)\Arduino\java\bin\msvcr100.dll
0x61000000 - 0x613cb000 	C:\Program Files (x86)\Arduino\java\bin\client\jvm.dll
0x77140000 - 0x77146000 	C:\WINDOWS\SYSTEM32\PSAPI.DLL
0x72be0000 - 0x72be8000 	C:\WINDOWS\SYSTEM32\WSOCK32.dll
0x73200000 - 0x73224000 	C:\WINDOWS\SYSTEM32\WINMM.dll
0x70460000 - 0x70468000 	C:\WINDOWS\SYSTEM32\VERSION.dll
0x76f30000 - 0x76f8f000 	C:\WINDOWS\SYSTEM32\WS2_32.dll
0x72bf0000 - 0x72c13000 	C:\WINDOWS\SYSTEM32\WINMMBASE.dll
0x75540000 - 0x75577000 	C:\WINDOWS\SYSTEM32\cfgmgr32.dll
0x60fc0000 - 0x60ff1000 	C:\Program Files (x86)\Arduino\java\bin\splashscreen.dll
0x70940000 - 0x709b5000 	C:\WINDOWS\system32\uxtheme.dll
0x60fb0000 - 0x60fbc000 	C:\Program Files (x86)\Arduino\java\bin\verify.dll
0x60f80000 - 0x60fa1000 	C:\Program Files (x86)\Arduino\java\bin\java.dll
0x76d70000 - 0x76e8f000 	C:\WINDOWS\SYSTEM32\MSCTF.dll
0x60f60000 - 0x60f73000 	C:\Program Files (x86)\Arduino\java\bin\zip.dll
0x6e7f0000 - 0x6e86d000 	C:\Program Files (x86)\Common Files\Microsoft Shared\Ink\tiptsf.dll
0x76e90000 - 0x76f22000 	C:\WINDOWS\SYSTEM32\OLEAUT32.dll
0x74130000 - 0x7552e000 	C:\WINDOWS\SYSTEM32\SHELL32.dll
0x75760000 - 0x75c5a000 	C:\WINDOWS\SYSTEM32\windows.storage.dll
0x760a0000 - 0x760e5000 	C:\WINDOWS\SYSTEM32\shlwapi.dll
0x75530000 - 0x7553c000 	C:\WINDOWS\SYSTEM32\kernel.appcore.dll
0x75640000 - 0x756cd000 	C:\WINDOWS\SYSTEM32\shcore.dll
0x77150000 - 0x77194000 	C:\WINDOWS\SYSTEM32\powrprof.dll
0x75df0000 - 0x75dff000 	C:\WINDOWS\SYSTEM32\profapi.dll
0x76c60000 - 0x76d4b000 	C:\WINDOWS\SYSTEM32\ole32.dll
0x76340000 - 0x763c4000 	C:\WINDOWS\SYSTEM32\clbcatq.dll
0x6e0a0000 - 0x6e1bc000 	C:\Windows\SYSTEM32\uiautomationcore.dll
0x73e90000 - 0x73ea9000 	C:\Windows\SYSTEM32\USERENV.dll
0x73d80000 - 0x73e01000 	C:\WINDOWS\SYSTEM32\sxs.dll
0x6e790000 - 0x6e7e4000 	C:\Windows\SYSTEM32\OLEACC.dll
0x60ec0000 - 0x60f53000 	C:\WINDOWS\SYSTEM32\twinapi.dll
0x6e890000 - 0x6e95e000 	C:\WINDOWS\SYSTEM32\twinapi.appcore.dll
0x739d0000 - 0x739eb000 	C:\WINDOWS\SYSTEM32\bcrypt.dll
0x60940000 - 0x60a85000 	C:\Program Files (x86)\Arduino\java\bin\awt.dll
0x6e1d0000 - 0x6e262000 	C:\WINDOWS\system32\apphelp.dll
0x70430000 - 0x7044d000 	C:\WINDOWS\system32\dwmapi.dll
0x60920000 - 0x60936000 	C:\Program Files (x86)\Arduino\java\bin\net.dll
0x73970000 - 0x739bf000 	C:\WINDOWS\system32\mswsock.dll
0x738b0000 - 0x738df000 	C:\WINDOWS\SYSTEM32\IPHLPAPI.DLL
0x75de0000 - 0x75de7000 	C:\WINDOWS\SYSTEM32\NSI.dll
0x72f60000 - 0x72f73000 	C:\WINDOWS\SYSTEM32\dhcpcsvc6.DLL
0x61740000 - 0x6176c000 	C:\Program Files (x86)\Arduino\lib\listSerialsj.dll
0x76850000 - 0x76c5b000 	C:\WINDOWS\SYSTEM32\SETUPAPI.dll
0x72e30000 - 0x72e44000 	C:\WINDOWS\SYSTEM32\dhcpcsvc.DLL
0x728b0000 - 0x728c3000 	C:\WINDOWS\SYSTEM32\CRYPTSP.dll
0x72880000 - 0x728af000 	C:\WINDOWS\system32\rsaenh.dll
0x60910000 - 0x6091f000 	C:\Program Files (x86)\Arduino\java\bin\nio.dll
0x27400000 - 0x2743d000 	C:\Users\Christian Reyes\AppData\Local\Temp\jna-1532974381\jna1261432323239862325.dll
0x738e0000 - 0x73964000 	C:\WINDOWS\SYSTEM32\DNSAPI.dll
0x72820000 - 0x72841000 	C:\Program Files (x86)\Bonjour\mdnsNSP.dll
0x727c0000 - 0x727c8000 	C:\Windows\System32\rasadhlp.dll
0x727d0000 - 0x72817000 	C:\WINDOWS\System32\fwpuclnt.dll
0x608d0000 - 0x60909000 	C:\Program Files (x86)\Arduino\java\bin\fontmanager.dll
0x60890000 - 0x608c2000 	C:\Program Files (x86)\Arduino\java\bin\t2k.dll
0x60360000 - 0x603c9000 	C:\Program Files (x86)\Arduino\msvcp100.dll
0x602a0000 - 0x6035e000 	C:\Program Files (x86)\Arduino\msvcr100.dll
0x28a20000 - 0x28a52000 	C:\Program Files (x86)\Arduino\lib\AStylej.dll
0x60740000 - 0x60764000 	C:\Program Files (x86)\Arduino\java\bin\dcpr.dll
0x6ecd0000 - 0x6ee43000 	C:\WINDOWS\SYSTEM32\WindowsCodecs.dll
0x6ea10000 - 0x6ea51000 	C:\WINDOWS\system32\dataexchange.dll
0x6e960000 - 0x6ea07000 	C:\WINDOWS\system32\dcomp.dll
0x6fcd0000 - 0x6feea000 	C:\WINDOWS\system32\d3d11.dll
0x6fc40000 - 0x6fcc2000 	C:\WINDOWS\system32\dxgi.dll
0x73e10000 - 0x73e32000 	C:\WINDOWS\SYSTEM32\DEVOBJ.dll
0x73f10000 - 0x73f52000 	C:\WINDOWS\SYSTEM32\WINTRUST.dll
0x76d50000 - 0x76d5e000 	C:\WINDOWS\SYSTEM32\MSASN1.dll
0x75c60000 - 0x75dd9000 	C:\WINDOWS\SYSTEM32\CRYPT32.dll
0x64000000 - 0x6401b000 	C:\Users\Christian Reyes\.jssc\windows\jSSC-2.8_x86.dll
0x6ff20000 - 0x7005f000 	C:\WINDOWS\SYSTEM32\dbghelp.dll

VM Arguments:
jvm_args: -Dsun.java2d.d3d=false -Djna.nosys=true -DAPP_DIR=C:\Program Files (x86)\Arduino -Xms128M -Xmx512M 
java_command: processing.app.Base C:\Users\Christian Reyes\Documents\ButtonMouseControl\ButtonMouseControl.ino
java_class_path (initial): C:\Program Files (x86)\Arduino\lib\apple.jar;C:\Program Files (x86)\Arduino\lib\arduino-core.jar;C:\Program Files (x86)\Arduino\lib\batik-1.8.jar;C:\Program Files (x86)\Arduino\lib\batik-anim-1.8.jar;C:\Program Files (x86)\Arduino\lib\batik-awt-util-1.8.jar;C:\Program Files (x86)\Arduino\lib\batik-bridge-1.8.jar;C:\Program Files (x86)\Arduino\lib\batik-codec-1.8.jar;C:\Program Files (x86)\Arduino\lib\batik-css-1.8.jar;C:\Program Files (x86)\Arduino\lib\batik-dom-1.8.jar;C:\Program Files (x86)\Arduino\lib\batik-ext-1.8.jar;C:\Program Files (x86)\Arduino\lib\batik-gvt-1.8.jar;C:\Program Files (x86)\Arduino\lib\batik-parser-1.8.jar;C:\Program Files (x86)\Arduino\lib\batik-rasterizer-1.8.jar;C:\Program Files (x86)\Arduino\lib\batik-script-1.8.jar;C:\Program Files (x86)\Arduino\lib\batik-squiggle-1.8.jar;C:\Program Files (x86)\Arduino\lib\batik-svg-dom-1.8.jar;C:\Program Files (x86)\Arduino\lib\batik-svgpp-1.8.jar;C:\Program Files (x86)\Arduino\lib\batik-transcoder-1.8.jar;C:\Program Files (x86)\Arduino\lib\batik-util-1.8.jar;C:\Program Files (x86)\Arduino\lib\batik-xml-1.8.jar;C:\Program Files (x86)\Arduino\lib\bcpg-jdk15on-152.jar;C:\Program Files (x86)\Arduino\lib\bcprov-jdk15on-152.jar;C:\Program Files (x86)\Arduino\lib\commons-codec-1.7.jar;C:\Program Files (x86)\Arduino\lib\commons-compress-1.8.jar;C:\Program Files (x86)\Arduino\lib\commons-exec-1.1.jar;C:\Program Files (x86)\Arduino\lib\commons-httpclient-3.1.jar;C:\Program Files (x86)\Arduino\lib\commons-lang3-3.3.2.jar;C:\Program Files (x86)\Arduino\lib\commons-logging-1.0.4.jar;C:\Program Files (x86)\Arduino\lib\commons-net-3.3.jar;C:\Program Files (x86)\Arduino\lib\jackson-annotations-2.6.3.jar;C:\Program Files (x86)\Arduino\lib\jackson-core-2.6.3.jar;C:\Program Files (x86)\Arduino\lib\jackson-databind-2.6.3.jar;C:\Program Files (x86)\Arduino\lib\jackson-module-mrbean-2.6.3.jar;C:\Program Files (x86)\Arduino\lib\java-semver-0.8.0.jar;C:\Program Files (x86)\Arduino\lib\jmdns-3.4.1.j
Launcher Type: SUN_STANDARD

Environment Variables:
JAVA_HOME=C:\Program Files\Java\jre1.8.0_92
PATH=C:\ProgramData\Oracle\Java\javapath;C:\WINDOWS\system32;C:\WINDOWS;C:\WINDOWS\System32\Wbem;C:\WINDOWS\System32\WindowsPowerShell\v1.0\;C:\Program Files\Microsoft SQL Server\120\DTS\Binn\;C:\Program Files\Microsoft SQL Server\Client SDK\ODBC\110\Tools\Binn\;C:\Program Files (x86)\Microsoft SQL Server\120\Tools\Binn\;C:\Program Files\Microsoft SQL Server\120\Tools\Binn\;C:\Program Files (x86)\Microsoft SQL Server\120\Tools\Binn\ManagementStudio\;C:\Program Files\Java\jdk1.8.0_92\bin;C:\Program Files (x86)\Arduino\java\bin
USERNAME=Christian Reyes
OS=Windows_NT
PROCESSOR_IDENTIFIER=Intel64 Family 6 Model 60 Stepping 3, GenuineIntel



---------------  S Y S T E M  ---------------

OS: Windows 10.0 , 64 bit Build 10586 (10.0.10586.0)

CPU:total 8 (4 cores per cpu, 2 threads per core) family 6 model 60 stepping 3, cmov, cx8, fxsr, mmx, sse, sse2, sse3, ssse3, sse4.1, sse4.2, popcnt, avx, avx2, aes, clmul, erms, lzcnt, ht, tsc, tscinvbit, bmi1, bmi2

Memory: 4k page, physical 8269060k(3010648k free), swap 14822660k(6390160k free)

vm_info: Java HotSpot(TM) Client VM (25.92-b14) for windows-x86 JRE (1.8.0_92-b14), built on Mar 31 2016 21:09:21 by "java_re" with MS VC++ 10.0 (VS2010)

time: Tue Sep 06 11:00:56 2016
elapsed time: 83881 seconds (0d 23h 18m 1s)

