#
# A fatal error has been detected by the Java Runtime Environment:
#
#  EXCEPTION_ACCESS_VIOLATION (0xc0000005) at pc=0x617493cd, pid=5384, tid=0x000009bc
#
# JRE version: Java(TM) SE Runtime Environment (8.0_92-b14) (build 1.8.0_92-b14)
# Java VM: Java HotSpot(TM) Client VM (25.92-b14 mixed mode windows-x86 )
# Problematic frame:
# C  [listSerialsj.dll+0x93cd]
#
# Failed to write core dump. Minidumps are not enabled by default on client versions of Windows
#
# If you would like to submit a bug report, please visit:
#   http://bugreport.java.com/bugreport/crash.jsp
# The crash happened outside the Java Virtual Machine in native code.
# See problematic frame for where to report the bug.
#

---------------  T H R E A D  ---------------

Current thread (0x25d50000):  JavaThread "cc.arduino.packages.discoverers.serial.SerialBoardsLister" [_thread_in_native, id=2492, stack(0x26490000,0x264e0000)]

siginfo: ExceptionCode=0xc0000005, writing address 0x00000000

Registers:
EAX=0x00000000, EBX=0x000009ec, ECX=0x00000000, EDX=0x00000001
ESP=0x264df0d0, EBP=0x264df528, ESI=0x00000002, EDI=0x00bffd78
EIP=0x617493cd, EFLAGS=0x00010246

Top of Stack: (sp=0x264df0d0)
0x264df0d0:   00d7e5c8 0000002e 00000002 00000000
0x264df0e0:   00000003 00000000 00000000 00000000
0x264df0f0:   6174c100 00000000 0000006c 7687a540
0x264df100:   262962d8 00fffffe 00bffac0 000000a4
0x264df110:   6174da5d 6174dc59 00000080 00000002
0x264df120:   00000001 0000006c 00000021 0000008c
0x264df130:   008ce918 00000000 314d4f43 00870030
0x264df140:   00425355 01000000 00bff720 000000a4 

Instructions: (pc=0x617493cd)
0x617493ad:   8b 45 08 8b 90 94 00 00 00 85 d2 74 16 8b 40 2c
0x617493bd:   c7 44 24 04 2e 00 00 00 89 04 24 e8 73 14 00 00
0x617493cd:   c6 00 00 8d 85 04 fc ff ff 89 44 24 18 8d 85 0a
0x617493dd:   fc ff ff 89 44 24 10 a1 e4 01 75 61 c7 85 04 fc 


Register to memory mapping:

EAX=0x00000000 is an unknown value
EBX=0x000009ec is an unknown value
ECX=0x00000000 is an unknown value
EDX=0x00000001 is an unknown value
ESP=0x264df0d0 is pointing into the stack for thread: 0x25d50000
EBP=0x264df528 is pointing into the stack for thread: 0x25d50000
ESI=0x00000002 is an unknown value
EDI=0x00bffd78 is an unknown value


Stack: [0x26490000,0x264e0000],  sp=0x264df0d0,  free space=316k
Native frames: (J=compiled Java code, j=interpreted, Vv=VM code, C=native code)
C  [listSerialsj.dll+0x93cd]
C  [listSerialsj.dll+0x2211]

Java frames: (J=compiled Java code, j=interpreted, Vv=VM code)
J 1883  processing.app.Platform.listSerialsNative()[Ljava/lang/String; (0 bytes) @ 0x02a39ecf [0x02a39e90+0x3f]
J 1885 C1 cc.arduino.packages.discoverers.serial.SerialBoardsLister.retriggerDiscovery(Z)V (736 bytes) @ 0x02a3ad64 [0x02a3ac10+0x154]
J 1884 C1 cc.arduino.packages.discoverers.serial.SerialBoardsLister.run()V (13 bytes) @ 0x02a3a594 [0x02a3a550+0x44]
J 1871% C1 java.util.TimerThread.mainLoop()V (232 bytes) @ 0x02a35a94 [0x02a35660+0x434]
j  java.util.TimerThread.run()V+1
v  ~StubRoutines::call_stub

---------------  P R O C E S S  ---------------

Java Threads: ( => current thread )
  0x274e6400 JavaThread "DestroyJavaVM" [_thread_blocked, id=7300, stack(0x02550000,0x025a0000)]
  0x25f68800 JavaThread "AWT-EventQueue-0" [_thread_blocked, id=676, stack(0x28420000,0x28470000)]
  0x25f68000 JavaThread "AWT-Shutdown" [_thread_blocked, id=8440, stack(0x28390000,0x283e0000)]
  0x25f66800 JavaThread "TimerQueue" daemon [_thread_blocked, id=3208, stack(0x28200000,0x28250000)]
  0x25f65c00 JavaThread "Batik CleanerThread" daemon [_thread_blocked, id=2672, stack(0x27ec0000,0x27f10000)]
  0x25d8e000 JavaThread "cc.arduino.packages.discoverers.network.BoardReachabilityFilter" [_thread_blocked, id=7960, stack(0x265b0000,0x26600000)]
  0x25d57800 JavaThread "cc.arduino.packages.discoverers.network.NetworkChecker" [_thread_in_native, id=8976, stack(0x26520000,0x26570000)]
=>0x25d50000 JavaThread "cc.arduino.packages.discoverers.serial.SerialBoardsLister" [_thread_in_native, id=2492, stack(0x26490000,0x264e0000)]
  0x25d4e000 JavaThread "AWT-Windows" daemon [_thread_in_native, id=10204, stack(0x26240000,0x26290000)]
  0x25d14800 JavaThread "Java2D Disposer" daemon [_thread_blocked, id=8948, stack(0x26120000,0x26170000)]
  0x25321800 JavaThread "Service Thread" daemon [_thread_blocked, id=9616, stack(0x25b20000,0x25b70000)]
  0x2532c000 JavaThread "C1 CompilerThread0" daemon [_thread_blocked, id=10088, stack(0x25a90000,0x25ae0000)]
  0x2532a800 JavaThread "Attach Listener" daemon [_thread_blocked, id=8284, stack(0x25a00000,0x25a50000)]
  0x25328800 JavaThread "Signal Dispatcher" daemon [_thread_blocked, id=6088, stack(0x25970000,0x259c0000)]
  0x2530a800 JavaThread "Finalizer" daemon [_thread_blocked, id=2796, stack(0x25800000,0x25850000)]
  0x252f4c00 JavaThread "Reference Handler" daemon [_thread_blocked, id=9888, stack(0x25770000,0x257c0000)]

Other Threads:
  0x00d4d400 VMThread [stack: 0x252a0000,0x252f0000] [id=7368]
  0x25325800 WatcherThread [stack: 0x25bb0000,0x25c00000] [id=8588]

VM state:not at safepoint (normal execution)

VM Mutex/Monitor currently owned by a thread: None

Heap:
 def new generation   total 39424K, used 13113K [0x04800000, 0x072c0000, 0x0f2a0000)
  eden space 35072K,  37% used [0x04800000, 0x054ad1c0, 0x06a40000)
  from space 4352K,   3% used [0x06a40000, 0x06a61590, 0x06e80000)
  to   space 4352K,   0% used [0x06e80000, 0x06e80000, 0x072c0000)
 tenured generation   total 87424K, used 21551K [0x0f2a0000, 0x14800000, 0x24800000)
   the space 87424K,  24% used [0x0f2a0000, 0x107abc88, 0x107abe00, 0x14800000)
 Metaspace       used 18131K, capacity 18543K, committed 18560K, reserved 18816K

Card table byte_map: [0x24800000,0x24910000] byte_map_base: 0x247dc000

Polling page: 0x00a20000

CodeCache: size=32768Kb used=3618Kb max_used=3618Kb free=29149Kb
 bounds [0x02700000, 0x02a90000, 0x04700000]
 total_blobs=2295 nmethods=2021 adapters=204
 compilation: enabled

Compilation events (10 events):
Event: 83380.299 Thread 0x2532c000 2040             java.util.LinkedList::checkElementIndex (22 bytes)
Event: 83380.301 Thread 0x2532c000 nmethod 2040 0x02a85a48 code [0x02a85b90, 0x02a85e68]
Event: 83380.304 Thread 0x2532c000 2041             java.util.LinkedList::isElementIndex (18 bytes)
Event: 83380.304 Thread 0x2532c000 nmethod 2041 0x02a86108 code [0x02a86200, 0x02a862b0]
Event: 83380.317 Thread 0x2532c000 2042             java.lang.String::toUpperCase (8 bytes)
Event: 83380.317 Thread 0x2532c000 nmethod 2042 0x02a86308 code [0x02a86410, 0x02a864ac]
Event: 83505.425 Thread 0x2532c000 2043             java.util.LinkedHashMap$LinkedHashIterator::<init> (31 bytes)
Event: 83505.425 Thread 0x2532c000 nmethod 2043 0x02a86508 code [0x02a86600, 0x02a866c0]
Event: 83513.399 Thread 0x2532c000 2044  s          processing.app.Platform::resolveDeviceByVendorIdProductId (360 bytes)
Event: 83513.407 Thread 0x2532c000 nmethod 2044 0x02a86748 code [0x02a86ad0, 0x02a877d4]

GC Heap History (10 events):
Event: 42456.187 GC heap before
{Heap before GC invocations=8 (full 1):
 def new generation   total 39424K, used 35129K [0x04800000, 0x072c0000, 0x0f2a0000)
  eden space 35072K, 100% used [0x04800000, 0x06a40000, 0x06a40000)
  from space 4352K,   1% used [0x06e80000, 0x06e8e408, 0x072c0000)
  to   space 4352K,   0% used [0x06a40000, 0x06a40000, 0x06e80000)
 tenured generation   total 87424K, used 21551K [0x0f2a0000, 0x14800000, 0x24800000)
   the space 87424K,  24% used [0x0f2a0000, 0x107abc88, 0x107abe00, 0x14800000)
 Metaspace       used 18128K, capacity 18543K, committed 18560K, reserved 18816K
Event: 42456.198 GC heap after
Heap after GC invocations=9 (full 1):
 def new generation   total 39424K, used 69K [0x04800000, 0x072c0000, 0x0f2a0000)
  eden space 35072K,   0% used [0x04800000, 0x04800000, 0x06a40000)
  from space 4352K,   1% used [0x06a40000, 0x06a515e8, 0x06e80000)
  to   space 4352K,   0% used [0x06e80000, 0x06e80000, 0x072c0000)
 tenured generation   total 87424K, used 21551K [0x0f2a0000, 0x14800000, 0x24800000)
   the space 87424K,  24% used [0x0f2a0000, 0x107abc88, 0x107abe00, 0x14800000)
 Metaspace       used 18128K, capacity 18543K, committed 18560K, reserved 18816K
}
Event: 45278.179 GC heap before
{Heap before GC invocations=9 (full 1):
 def new generation   total 39424K, used 35141K [0x04800000, 0x072c0000, 0x0f2a0000)
  eden space 35072K, 100% used [0x04800000, 0x06a40000, 0x06a40000)
  from space 4352K,   1% used [0x06a40000, 0x06a515e8, 0x06e80000)
  to   space 4352K,   0% used [0x06e80000, 0x06e80000, 0x072c0000)
 tenured generation   total 87424K, used 21551K [0x0f2a0000, 0x14800000, 0x24800000)
   the space 87424K,  24% used [0x0f2a0000, 0x107abc88, 0x107abe00, 0x14800000)
 Metaspace       used 18128K, capacity 18543K, committed 18560K, reserved 18816K
Event: 45278.212 GC heap after
Heap after GC invocations=10 (full 1):
 def new generation   total 39424K, used 68K [0x04800000, 0x072c0000, 0x0f2a0000)
  eden space 35072K,   0% used [0x04800000, 0x04800000, 0x06a40000)
  from space 4352K,   1% used [0x06e80000, 0x06e91198, 0x072c0000)
  to   space 4352K,   0% used [0x06a40000, 0x06a40000, 0x06e80000)
 tenured generation   total 87424K, used 21551K [0x0f2a0000, 0x14800000, 0x24800000)
   the space 87424K,  24% used [0x0f2a0000, 0x107abc88, 0x107abe00, 0x14800000)
 Metaspace       used 18128K, capacity 18543K, committed 18560K, reserved 18816K
}
Event: 47729.445 GC heap before
{Heap before GC invocations=10 (full 1):
 def new generation   total 39424K, used 35140K [0x04800000, 0x072c0000, 0x0f2a0000)
  eden space 35072K, 100% used [0x04800000, 0x06a40000, 0x06a40000)
  from space 4352K,   1% used [0x06e80000, 0x06e91198, 0x072c0000)
  to   space 4352K,   0% used [0x06a40000, 0x06a40000, 0x06e80000)
 tenured generation   total 87424K, used 21551K [0x0f2a0000, 0x14800000, 0x24800000)
   the space 87424K,  24% used [0x0f2a0000, 0x107abc88, 0x107abe00, 0x14800000)
 Metaspace       used 18128K, capacity 18543K, committed 18560K, reserved 18816K
Event: 47729.476 GC heap after
Heap after GC invocations=11 (full 1):
 def new generation   total 39424K, used 69K [0x04800000, 0x072c0000, 0x0f2a0000)
  eden space 35072K,   0% used [0x04800000, 0x04800000, 0x06a40000)
  from space 4352K,   1% used [0x06a40000, 0x06a51460, 0x06e80000)
  to   space 4352K,   0% used [0x06e80000, 0x06e80000, 0x072c0000)
 tenured generation   total 87424K, used 21551K [0x0f2a0000, 0x14800000, 0x24800000)
   the space 87424K,  24% used [0x0f2a0000, 0x107abc88, 0x107abe00, 0x14800000)
 Metaspace       used 18128K, capacity 18543K, committed 18560K, reserved 18816K
}
Event: 69034.015 GC heap before
{Heap before GC invocations=11 (full 1):
 def new generation   total 39424K, used 35141K [0x04800000, 0x072c0000, 0x0f2a0000)
  eden space 35072K, 100% used [0x04800000, 0x06a40000, 0x06a40000)
  from space 4352K,   1% used [0x06a40000, 0x06a51460, 0x06e80000)
  to   space 4352K,   0% used [0x06e80000, 0x06e80000, 0x072c0000)
 tenured generation   total 87424K, used 21551K [0x0f2a0000, 0x14800000, 0x24800000)
   the space 87424K,  24% used [0x0f2a0000, 0x107abc88, 0x107abe00, 0x14800000)
 Metaspace       used 18128K, capacity 18543K, committed 18560K, reserved 18816K
Event: 69034.032 GC heap after
Heap after GC invocations=12 (full 1):
 def new generation   total 39424K, used 129K [0x04800000, 0x072c0000, 0x0f2a0000)
  eden space 35072K,   0% used [0x04800000, 0x04800000, 0x06a40000)
  from space 4352K,   2% used [0x06e80000, 0x06ea0518, 0x072c0000)
  to   space 4352K,   0% used [0x06a40000, 0x06a40000, 0x06e80000)
 tenured generation   total 87424K, used 21551K [0x0f2a0000, 0x14800000, 0x24800000)
   the space 87424K,  24% used [0x0f2a0000, 0x107abc88, 0x107abe00, 0x14800000)
 Metaspace       used 18128K, capacity 18543K, committed 18560K, reserved 18816K
}
Event: 82144.557 GC heap before
{Heap before GC invocations=12 (full 1):
 def new generation   total 39424K, used 35201K [0x04800000, 0x072c0000, 0x0f2a0000)
  eden space 35072K, 100% used [0x04800000, 0x06a40000, 0x06a40000)
  from space 4352K,   2% used [0x06e80000, 0x06ea0518, 0x072c0000)
  to   space 4352K,   0% used [0x06a40000, 0x06a40000, 0x06e80000)
 tenured generation   total 87424K, used 21551K [0x0f2a0000, 0x14800000, 0x24800000)
   the space 87424K,  24% used [0x0f2a0000, 0x107abc88, 0x107abe00, 0x14800000)
 Metaspace       used 18131K, capacity 18543K, committed 18560K, reserved 18816K
Event: 82144.606 GC heap after
Heap after GC invocations=13 (full 1):
 def new generation   total 39424K, used 133K [0x04800000, 0x072c0000, 0x0f2a0000)
  eden space 35072K,   0% used [0x04800000, 0x04800000, 0x06a40000)
  from space 4352K,   3% used [0x06a40000, 0x06a61590, 0x06e80000)
  to   space 4352K,   0% used [0x06e80000, 0x06e80000, 0x072c0000)
 tenured generation   total 87424K, used 21551K [0x0f2a0000, 0x14800000, 0x24800000)
   the space 87424K,  24% used [0x0f2a0000, 0x107abc88, 0x107abe00, 0x14800000)
 Metaspace       used 18131K, capacity 18543K, committed 18560K, reserved 18816K
}

Deoptimization events (0 events):
No events

Internal exceptions (10 events):
Event: 80.183 Thread 0x274e9000 Exception <a 'sun/nio/fs/WindowsException'> (0x056ac940) thrown at [C:\workspace\8-2-build-windows-i586-cygwin\jdk8u92\6642\hotspot\src\share\vm\prims\jni.cpp, line 709]
Event: 26943.525 Thread 0x25d57800 Exception <a 'java/net/SocketException': error setting options> (0x0546fbe0) thrown at [C:\workspace\8-2-build-windows-i586-cygwin\jdk8u92\6642\hotspot\src\share\vm\prims\jni.cpp, line 735]
Event: 26943.525 Thread 0x274e9400 Exception <a 'java/net/SocketException': socket closed> (0x054a6868) thrown at [C:\workspace\8-2-build-windows-i586-cygwin\jdk8u92\6642\hotspot\src\share\vm\prims\jni.cpp, line 735]
Event: 47774.164 Thread 0x274ec000 Exception <a 'java/net/SocketException': socket closed> (0x048edab0) thrown at [C:\workspace\8-2-build-windows-i586-cygwin\jdk8u92\6642\hotspot\src\share\vm\prims\jni.cpp, line 735]
Event: 47851.298 Thread 0x274e6800 Exception <a 'java/net/SocketException': socket closed> (0x04a1aa08) thrown at [C:\workspace\8-2-build-windows-i586-cygwin\jdk8u92\6642\hotspot\src\share\vm\prims\jni.cpp, line 735]
Event: 67076.415 Thread 0x25d57800 Exception <a 'java/net/SocketException': error setting options> (0x0520e7c8) thrown at [C:\workspace\8-2-build-windows-i586-cygwin\jdk8u92\6642\hotspot\src\share\vm\prims\jni.cpp, line 735]
Event: 79180.862 Thread 0x25d57800 Exception <a 'java/net/SocketException': error setting options> (0x051a1228) thrown at [C:\workspace\8-2-build-windows-i586-cygwin\jdk8u92\6642\hotspot\src\share\vm\prims\jni.cpp, line 735]
Event: 79201.162 Thread 0x25d57800 Exception <a 'java/net/SocketException': error setting options> (0x051cf148) thrown at [C:\workspace\8-2-build-windows-i586-cygwin\jdk8u92\6642\hotspot\src\share\vm\prims\jni.cpp, line 735]
Event: 81746.948 Thread 0x274e7000 Exception <a 'java/net/SocketException': socket closed> (0x065f1180) thrown at [C:\workspace\8-2-build-windows-i586-cygwin\jdk8u92\6642\hotspot\src\share\vm\prims\jni.cpp, line 735]
Event: 81752.950 Thread 0x274e5c00 Exception <a 'java/net/SocketException': socket closed> (0x06691660) thrown at [C:\workspace\8-2-build-windows-i586-cygwin\jdk8u92\6642\hotspot\src\share\vm\prims\jni.cpp, line 735]

Events (10 events):
Event: 81752.950 Executing VM operation: RevokeBias done
Event: 81752.950 Thread 0x274e5c00 Thread exited: 0x274e5c00
Event: 81875.610 loading class cc/arduino/packages/BoardPort
Event: 81875.610 loading class cc/arduino/packages/BoardPort done
Event: 81890.337 Executing VM operation: BulkRevokeBias
Event: 81890.340 Executing VM operation: BulkRevokeBias done
Event: 82144.554 Executing VM operation: GenCollectForAllocation
Event: 82144.606 Executing VM operation: GenCollectForAllocation done
Event: 82255.833 Executing VM operation: BulkRevokeBias
Event: 82255.834 Executing VM operation: BulkRevokeBias done


Dynamic libraries:
0x00800000 - 0x00833000 	C:\Program Files (x86)\Arduino\java\bin\javaw.exe
0x771a0000 - 0x7731b000 	C:\WINDOWS\SYSTEM32\ntdll.dll
0x76670000 - 0x76750000 	C:\WINDOWS\SYSTEM32\KERNEL32.DLL
0x73fb0000 - 0x7412e000 	C:\WINDOWS\SYSTEM32\KERNELBASE.dll
0x765f0000 - 0x7666b000 	C:\WINDOWS\SYSTEM32\ADVAPI32.dll
0x75580000 - 0x7563e000 	C:\WINDOWS\SYSTEM32\msvcrt.dll
0x73f60000 - 0x73fa4000 	C:\WINDOWS\SYSTEM32\sechost.dll
0x75ff0000 - 0x7609d000 	C:\WINDOWS\SYSTEM32\RPCRT4.dll
0x73ed0000 - 0x73eee000 	C:\WINDOWS\SYSTEM32\SspiCli.dll
0x73ec0000 - 0x73eca000 	C:\WINDOWS\SYSTEM32\CRYPTBASE.dll
0x770e0000 - 0x77138000 	C:\WINDOWS\SYSTEM32\bcryptPrimitives.dll
0x761f0000 - 0x76337000 	C:\WINDOWS\SYSTEM32\USER32.dll
0x76f90000 - 0x770df000 	C:\WINDOWS\SYSTEM32\GDI32.dll
0x70060000 - 0x7026f000 	C:\WINDOWS\WinSxS\x86_microsoft.windows.common-controls_6595b64144ccf1df_6.0.10586.494_none_ea85e725b9ba5a4b\COMCTL32.dll
0x76430000 - 0x765ed000 	C:\WINDOWS\SYSTEM32\combase.dll
0x756d0000 - 0x756fb000 	C:\WINDOWS\SYSTEM32\IMM32.DLL
0x613d0000 - 0x6148f000 	C:\Program Files (x86)\Arduino\java\bin\msvcr100.dll
0x61000000 - 0x613cb000 	C:\Program Files (x86)\Arduino\java\bin\client\jvm.dll
0x77140000 - 0x77146000 	C:\WINDOWS\SYSTEM32\PSAPI.DLL
0x72be0000 - 0x72be8000 	C:\WINDOWS\SYSTEM32\WSOCK32.dll
0x70460000 - 0x70468000 	C:\WINDOWS\SYSTEM32\VERSION.dll
0x73200000 - 0x73224000 	C:\WINDOWS\SYSTEM32\WINMM.dll
0x76f30000 - 0x76f8f000 	C:\WINDOWS\SYSTEM32\WS2_32.dll
0x009d0000 - 0x009f3000 	C:\WINDOWS\SYSTEM32\WINMMBASE.dll
0x75540000 - 0x75577000 	C:\WINDOWS\SYSTEM32\cfgmgr32.dll
0x60fc0000 - 0x60ff1000 	C:\Program Files (x86)\Arduino\java\bin\splashscreen.dll
0x70940000 - 0x709b5000 	C:\WINDOWS\system32\uxtheme.dll
0x76d70000 - 0x76e8f000 	C:\WINDOWS\SYSTEM32\MSCTF.dll
0x60fb0000 - 0x60fbc000 	C:\Program Files (x86)\Arduino\java\bin\verify.dll
0x60f80000 - 0x60fa1000 	C:\Program Files (x86)\Arduino\java\bin\java.dll
0x6e7f0000 - 0x6e86d000 	C:\Program Files (x86)\Common Files\Microsoft Shared\Ink\tiptsf.dll
0x76e90000 - 0x76f22000 	C:\WINDOWS\SYSTEM32\OLEAUT32.dll
0x74130000 - 0x7552e000 	C:\WINDOWS\SYSTEM32\SHELL32.dll
0x75760000 - 0x75c5a000 	C:\WINDOWS\SYSTEM32\windows.storage.dll
0x760a0000 - 0x760e5000 	C:\WINDOWS\SYSTEM32\shlwapi.dll
0x75530000 - 0x7553c000 	C:\WINDOWS\SYSTEM32\kernel.appcore.dll
0x75640000 - 0x756cd000 	C:\WINDOWS\SYSTEM32\shcore.dll
0x77150000 - 0x77194000 	C:\WINDOWS\SYSTEM32\powrprof.dll
0x75df0000 - 0x75dff000 	C:\WINDOWS\SYSTEM32\profapi.dll
0x76c60000 - 0x76d4b000 	C:\WINDOWS\SYSTEM32\ole32.dll
0x60f60000 - 0x60f73000 	C:\Program Files (x86)\Arduino\java\bin\zip.dll
0x76340000 - 0x763c4000 	C:\WINDOWS\SYSTEM32\clbcatq.dll
0x6e0a0000 - 0x6e1bc000 	C:\Windows\SYSTEM32\uiautomationcore.dll
0x73e90000 - 0x73ea9000 	C:\Windows\SYSTEM32\USERENV.dll
0x73d80000 - 0x73e01000 	C:\WINDOWS\SYSTEM32\sxs.dll
0x6e790000 - 0x6e7e4000 	C:\Windows\SYSTEM32\OLEACC.dll
0x60ec0000 - 0x60f53000 	C:\WINDOWS\SYSTEM32\twinapi.dll
0x6e890000 - 0x6e95e000 	C:\WINDOWS\SYSTEM32\twinapi.appcore.dll
0x739d0000 - 0x739eb000 	C:\WINDOWS\SYSTEM32\bcrypt.dll
0x60940000 - 0x60a85000 	C:\Program Files (x86)\Arduino\java\bin\awt.dll
0x6e1d0000 - 0x6e262000 	C:\WINDOWS\system32\apphelp.dll
0x70430000 - 0x7044d000 	C:\WINDOWS\system32\dwmapi.dll
0x60920000 - 0x60936000 	C:\Program Files (x86)\Arduino\java\bin\net.dll
0x73970000 - 0x739bf000 	C:\WINDOWS\system32\mswsock.dll
0x738b0000 - 0x738df000 	C:\WINDOWS\SYSTEM32\IPHLPAPI.DLL
0x75de0000 - 0x75de7000 	C:\WINDOWS\SYSTEM32\NSI.dll
0x72f60000 - 0x72f73000 	C:\WINDOWS\SYSTEM32\dhcpcsvc6.DLL
0x61740000 - 0x6176c000 	C:\Program Files (x86)\Arduino\lib\listSerialsj.dll
0x76850000 - 0x76c5b000 	C:\WINDOWS\SYSTEM32\SETUPAPI.dll
0x72e30000 - 0x72e44000 	C:\WINDOWS\SYSTEM32\dhcpcsvc.DLL
0x728b0000 - 0x728c3000 	C:\WINDOWS\SYSTEM32\CRYPTSP.dll
0x72880000 - 0x728af000 	C:\WINDOWS\system32\rsaenh.dll
0x60910000 - 0x6091f000 	C:\Program Files (x86)\Arduino\java\bin\nio.dll
0x26800000 - 0x2683d000 	C:\Users\Christian Reyes\AppData\Local\Temp\jna-1532974381\jna413831743142657724.dll
0x738e0000 - 0x73964000 	C:\WINDOWS\SYSTEM32\DNSAPI.dll
0x72820000 - 0x72841000 	C:\Program Files (x86)\Bonjour\mdnsNSP.dll
0x727c0000 - 0x727c8000 	C:\Windows\System32\rasadhlp.dll
0x727d0000 - 0x72817000 	C:\WINDOWS\System32\fwpuclnt.dll
0x608d0000 - 0x60909000 	C:\Program Files (x86)\Arduino\java\bin\fontmanager.dll
0x60890000 - 0x608c2000 	C:\Program Files (x86)\Arduino\java\bin\t2k.dll
0x60360000 - 0x603c9000 	C:\Program Files (x86)\Arduino\msvcp100.dll
0x602a0000 - 0x6035e000 	C:\Program Files (x86)\Arduino\msvcr100.dll
0x27d40000 - 0x27d72000 	C:\Program Files (x86)\Arduino\lib\AStylej.dll
0x60740000 - 0x60764000 	C:\Program Files (x86)\Arduino\java\bin\dcpr.dll
0x6ecd0000 - 0x6ee43000 	C:\WINDOWS\SYSTEM32\WindowsCodecs.dll
0x6ea10000 - 0x6ea51000 	C:\WINDOWS\system32\dataexchange.dll
0x6fcd0000 - 0x6feea000 	C:\WINDOWS\system32\d3d11.dll
0x6e960000 - 0x6ea07000 	C:\WINDOWS\system32\dcomp.dll
0x6fc40000 - 0x6fcc2000 	C:\WINDOWS\system32\dxgi.dll
0x73e10000 - 0x73e32000 	C:\WINDOWS\SYSTEM32\DEVOBJ.dll
0x73f10000 - 0x73f52000 	C:\WINDOWS\SYSTEM32\WINTRUST.dll
0x76d50000 - 0x76d5e000 	C:\WINDOWS\SYSTEM32\MSASN1.dll
0x75c60000 - 0x75dd9000 	C:\WINDOWS\SYSTEM32\CRYPT32.dll
0x6ff20000 - 0x7005f000 	C:\WINDOWS\SYSTEM32\dbghelp.dll

VM Arguments:
jvm_args: -Dsun.java2d.d3d=false -Djna.nosys=true -DAPP_DIR=C:\Program Files (x86)\Arduino -Xms128M -Xmx512M 
java_command: processing.app.Base C:\Users\Christian Reyes\Documents\ANALOG_TO_SERIAL.CPP\ANALOG_TO_SERIAL.CPP.ino
java_class_path (initial): C:\Program Files (x86)\Arduino\lib\apple.jar;C:\Program Files (x86)\Arduino\lib\arduino-core.jar;C:\Program Files (x86)\Arduino\lib\batik-1.8.jar;C:\Program Files (x86)\Arduino\lib\batik-anim-1.8.jar;C:\Program Files (x86)\Arduino\lib\batik-awt-util-1.8.jar;C:\Program Files (x86)\Arduino\lib\batik-bridge-1.8.jar;C:\Program Files (x86)\Arduino\lib\batik-codec-1.8.jar;C:\Program Files (x86)\Arduino\lib\batik-css-1.8.jar;C:\Program Files (x86)\Arduino\lib\batik-dom-1.8.jar;C:\Program Files (x86)\Arduino\lib\batik-ext-1.8.jar;C:\Program Files (x86)\Arduino\lib\batik-gvt-1.8.jar;C:\Program Files (x86)\Arduino\lib\batik-parser-1.8.jar;C:\Program Files (x86)\Arduino\lib\batik-rasterizer-1.8.jar;C:\Program Files (x86)\Arduino\lib\batik-script-1.8.jar;C:\Program Files (x86)\Arduino\lib\batik-squiggle-1.8.jar;C:\Program Files (x86)\Arduino\lib\batik-svg-dom-1.8.jar;C:\Program Files (x86)\Arduino\lib\batik-svgpp-1.8.jar;C:\Program Files (x86)\Arduino\lib\batik-transcoder-1.8.jar;C:\Program Files (x86)\Arduino\lib\batik-util-1.8.jar;C:\Program Files (x86)\Arduino\lib\batik-xml-1.8.jar;C:\Program Files (x86)\Arduino\lib\bcpg-jdk15on-152.jar;C:\Program Files (x86)\Arduino\lib\bcprov-jdk15on-152.jar;C:\Program Files (x86)\Arduino\lib\commons-codec-1.7.jar;C:\Program Files (x86)\Arduino\lib\commons-compress-1.8.jar;C:\Program Files (x86)\Arduino\lib\commons-exec-1.1.jar;C:\Program Files (x86)\Arduino\lib\commons-httpclient-3.1.jar;C:\Program Files (x86)\Arduino\lib\commons-lang3-3.3.2.jar;C:\Program Files (x86)\Arduino\lib\commons-logging-1.0.4.jar;C:\Program Files (x86)\Arduino\lib\commons-net-3.3.jar;C:\Program Files (x86)\Arduino\lib\jackson-annotations-2.6.3.jar;C:\Program Files (x86)\Arduino\lib\jackson-core-2.6.3.jar;C:\Program Files (x86)\Arduino\lib\jackson-databind-2.6.3.jar;C:\Program Files (x86)\Arduino\lib\jackson-module-mrbean-2.6.3.jar;C:\Program Files (x86)\Arduino\lib\java-semver-0.8.0.jar;C:\Program Files (x86)\Arduino\lib\jmdns-3.4.1.j
Launcher Type: SUN_STANDARD

Environment Variables:
JAVA_HOME=C:\Program Files\Java\jre1.8.0_92
PATH=C:\ProgramData\Oracle\Java\javapath;C:\WINDOWS\system32;C:\WINDOWS;C:\WINDOWS\System32\Wbem;C:\WINDOWS\System32\WindowsPowerShell\v1.0\;C:\Program Files\Microsoft SQL Server\120\DTS\Binn\;C:\Program Files\Microsoft SQL Server\Client SDK\ODBC\110\Tools\Binn\;C:\Program Files (x86)\Microsoft SQL Server\120\Tools\Binn\;C:\Program Files\Microsoft SQL Server\120\Tools\Binn\;C:\Program Files (x86)\Microsoft SQL Server\120\Tools\Binn\ManagementStudio\;C:\Program Files\Java\jdk1.8.0_92\bin;C:\Program Files (x86)\Arduino\java\bin
USERNAME=Christian Reyes
OS=Windows_NT
PROCESSOR_IDENTIFIER=Intel64 Family 6 Model 60 Stepping 3, GenuineIntel



---------------  S Y S T E M  ---------------

OS: Windows 10.0 , 64 bit Build 10586 (10.0.10586.0)

CPU:total 8 (4 cores per cpu, 2 threads per core) family 6 model 60 stepping 3, cmov, cx8, fxsr, mmx, sse, sse2, sse3, ssse3, sse4.1, sse4.2, popcnt, avx, avx2, aes, clmul, erms, lzcnt, ht, tsc, tscinvbit, bmi1, bmi2

Memory: 4k page, physical 8269060k(3010632k free), swap 14822660k(6390160k free)

vm_info: Java HotSpot(TM) Client VM (25.92-b14) for windows-x86 JRE (1.8.0_92-b14), built on Mar 31 2016 21:09:21 by "java_re" with MS VC++ 10.0 (VS2010)

time: Tue Sep 06 11:00:56 2016
elapsed time: 83847 seconds (0d 23h 17m 27s)

